<?xml version="1.0" encoding="UTF-8"?>
<!-- Generated by org.testng.reporters.JUnitReportReporter -->
<testsuite hostname="DESKTOP-S8VOITR" failures="0" tests="7" name="TestNG.Groupexecution" time="0.117" errors="0" timestamp="2021-02-20T21:18:23 IST" skipped="0">
  <testcase classname="TestNG.Groupexecution" name="Smoke3" time="0.003"/>
  <system-out>
Smoke3  </system-out>
  <testcase classname="TestNG.Groupexecution" name="Ft1" time="0.102"/>
  <system-out>
Ft1  </system-out>
  <testcase classname="TestNG.Groupexecution" name="Smoke2" time="0.002"/>
  <system-out>
Smoke2  </system-out>
  <testcase classname="TestNG.Groupexecution" name="Reg2" time="0.003"/>
  <system-out>
Reg2  </system-out>
  <testcase classname="TestNG.Groupexecution" name="Smoke1" time="0.002"/>
  <system-out>
Smoke1  </system-out>
  <testcase classname="TestNG.Groupexecution" name="Ft2" time="0.002"/>
  <system-out>
Ft2  </system-out>
  <testcase classname="TestNG.Groupexecution" name="Reg1" time="0.003"/>
  <system-out>
Reg1  </system-out>
</testsuite> <!-- TestNG.Groupexecution -->
