<?xml version="1.0" encoding="UTF-8"?>
<!-- Generated by org.testng.reporters.JUnitReportReporter -->
<testsuite hostname="DESKTOP-S8VOITR" failures="0" tests="1" name="TestNG.Demo" time="0.011" errors="0" timestamp="2021-02-20T19:01:19 IST" skipped="0">
  <testcase classname="TestNG.Demo" name="run" time="0.011"/>
  <system-out>
Hai  </system-out>
</testsuite> <!-- TestNG.Demo -->
