<?xml version="1.0" encoding="UTF-8"?>
<!-- Generated by org.testng.reporters.JUnitReportReporter -->
<testsuite hostname="DESKTOP-S8VOITR" failures="0" tests="1" name="TestNG.Parallel1" time="11.183" errors="0" timestamp="2021-02-21T22:46:23 IST" skipped="0">
  <testcase classname="TestNG.Parallel1" name="runchrome" time="11.183"/>
  <system-out/>
</testsuite> <!-- TestNG.Parallel1 -->
