<?xml version="1.0" encoding="UTF-8"?>
<!-- Generated by org.testng.reporters.JUnitReportReporter -->
<testsuite hostname="DESKTOP-S8VOITR" failures="0" tests="1" name="TestNG.Sumo" time="0.002" errors="0" timestamp="2021-02-20T19:01:19 IST" skipped="0">
  <testcase classname="TestNG.Sumo" name="run" time="0.002"/>
  <system-out>
Report  </system-out>
</testsuite> <!-- TestNG.Sumo -->
