<?xml version="1.0" encoding="UTF-8"?>
<!-- Generated by org.testng.reporters.JUnitReportReporter -->
<testsuite hostname="DESKTOP-S8VOITR" failures="0" tests="3" name="TestNG.ParallelMethods" time="8.296" errors="0" timestamp="2021-02-21T22:07:31 IST" skipped="0">
  <testcase classname="TestNG.ParallelMethods" name="runchrome1" time="2.542"/>
  <system-out/>
  <testcase classname="TestNG.ParallelMethods" name="runchrome3" time="2.686"/>
  <system-out/>
  <testcase classname="TestNG.ParallelMethods" name="runchrome2" time="3.068"/>
  <system-out/>
</testsuite> <!-- TestNG.ParallelMethods -->
