<?xml version="1.0" encoding="UTF-8"?>
<!-- Generated by org.testng.reporters.JUnitReportReporter -->
<testsuite hostname="DESKTOP-S8VOITR" failures="0" tests="2" name="TestNG.Flags" time="0.016" errors="0" timestamp="2021-02-20T19:00:32 IST" skipped="0">
  <testcase classname="TestNG.Flags" name="Registration" time="0.014"/>
  <system-out>
Registered Successfully  </system-out>
  <testcase classname="TestNG.Flags" name="Deleted" time="0.002"/>
  <system-out>
Deleted Successfully  </system-out>
</testsuite> <!-- TestNG.Flags -->
