<?xml version="1.0" encoding="UTF-8"?>
<!-- Generated by org.testng.reporters.JUnitReportReporter -->
<testsuite hostname="DESKTOP-S8VOITR" failures="0" tests="1" name="TestNG.Anni" time="0.012" errors="0" timestamp="2021-02-20T18:57:35 IST" skipped="0">
  <testcase classname="TestNG.Anni" name="K" time="0.012"/>
  <system-out>
Test Annotation  </system-out>
</testsuite> <!-- TestNG.Anni -->
